This file contains any messages produced by compilers while
running configure, to aid debugging if configure makes a mistake.

It was created by sumo configure 0.27.1, which was
generated by GNU Autoconf 2.69.  Invocation command line was

  $ ./configure --with-fox-includes=/usr/include/fox-1.6 --with-gdal-includes=/usr/include/gdal --with-proj-libraries=/usr/lib --with-gdal-libraries=/usr --with-proj-gdal

## --------- ##
## Platform. ##
## --------- ##

hostname = gaalvarez-i2t
uname -m = i686
uname -r = 4.4.0-34-generic
uname -s = Linux
uname -v = #53-Ubuntu SMP Wed Jul 27 16:06:28 UTC 2016

/usr/bin/uname -p = unknown
/bin/uname -X     = unknown

/bin/arch              = unknown
/usr/bin/arch -k       = unknown
/usr/convex/getsysinfo = unknown
/usr/bin/hostinfo      = unknown
/bin/machine           = unknown
/usr/bin/oslevel       = unknown
/bin/universe          = unknown

PATH: /root/anaconda/bin
PATH: /usr/local/sbin
PATH: /usr/local/bin
PATH: /usr/sbin
PATH: /usr/bin
PATH: /sbin
PATH: /bin
PATH: /usr/games
PATH: /usr/local/games
PATH: /usr/local/share/sumo-0.26.0/


## ----------- ##
## Core tests. ##
## ----------- ##

configure:2631: checking build system type
configure:2645: result: i686-pc-linux-gnu
configure:2665: checking host system type
configure:2678: result: i686-pc-linux-gnu
configure:2698: checking target system type
configure:2711: result: i686-pc-linux-gnu
configure:2758: checking for a BSD-compatible install
configure:2826: result: /usr/bin/install -c
configure:2837: checking whether build environment is sane
configure:2892: result: yes
configure:3043: checking for a thread-safe mkdir -p
configure:3082: result: /bin/mkdir -p
configure:3089: checking for gawk
configure:3105: found /usr/bin/gawk
configure:3116: result: gawk
configure:3127: checking whether make sets $(MAKE)
configure:3149: result: yes
configure:3178: checking whether make supports nested variables
configure:3195: result: yes
configure:3284: checking whether UID '0' is supported by ustar format
configure:3287: result: yes
configure:3294: checking whether GID '0' is supported by ustar format
configure:3297: result: yes
configure:3305: checking how to create a ustar tar archive
configure:3316: tar --version
tar (GNU tar) 1.28
Copyright (C) 2014 Free Software Foundation, Inc.
License GPLv3+: GNU GPL version 3 or later <http://gnu.org/licenses/gpl.html>.
This is free software: you are free to change and redistribute it.
There is NO WARRANTY, to the extent permitted by law.

Written by John Gilmore and Jay Fenlason.
configure:3319: $? = 0
configure:3359: tardir=conftest.dir && eval tar --format=ustar -chf - "$tardir" >conftest.tar
configure:3362: $? = 0
configure:3366: tar -xf - <conftest.tar
configure:3369: $? = 0
configure:3371: cat conftest.dir/file
GrepMe
configure:3374: $? = 0
configure:3387: result: gnutar
configure:3535: checking for gcc
configure:3551: found /usr/bin/gcc
configure:3562: result: gcc
configure:3791: checking for C compiler version
configure:3800: gcc --version >&5
gcc (Ubuntu 5.4.0-6ubuntu1~16.04.1) 5.4.0 20160609
Copyright (C) 2015 Free Software Foundation, Inc.
This is free software; see the source for copying conditions.  There is NO
warranty; not even for MERCHANTABILITY or FITNESS FOR A PARTICULAR PURPOSE.

configure:3811: $? = 0
configure:3800: gcc -v >&5
Using built-in specs.
COLLECT_GCC=gcc
COLLECT_LTO_WRAPPER=/usr/lib/gcc/i686-linux-gnu/5/lto-wrapper
Target: i686-linux-gnu
Configured with: ../src/configure -v --with-pkgversion='Ubuntu 5.4.0-6ubuntu1~16.04.1' --with-bugurl=file:///usr/share/doc/gcc-5/README.Bugs --enable-languages=c,ada,c++,java,go,d,fortran,objc,obj-c++ --prefix=/usr --program-suffix=-5 --enable-shared --enable-linker-build-id --libexecdir=/usr/lib --without-included-gettext --enable-threads=posix --libdir=/usr/lib --enable-nls --with-sysroot=/ --enable-clocale=gnu --enable-libstdcxx-debug --enable-libstdcxx-time=yes --with-default-libstdcxx-abi=new --enable-gnu-unique-object --disable-vtable-verify --enable-libmpx --enable-plugin --with-system-zlib --disable-browser-plugin --enable-java-awt=gtk --enable-gtk-cairo --with-java-home=/usr/lib/jvm/java-1.5.0-gcj-5-i386/jre --enable-java-home --with-jvm-root-dir=/usr/lib/jvm/java-1.5.0-gcj-5-i386 --with-jvm-jar-dir=/usr/lib/jvm-exports/java-1.5.0-gcj-5-i386 --with-arch-directory=i386 --with-ecj-jar=/usr/share/java/eclipse-ecj.jar --enable-objc-gc --enable-targets=all --enable-multiarch --disable-werror --with-arch-32=i686 --with-multilib-list=m32,m64,mx32 --enable-multilib --with-tune=generic --enable-checking=release --build=i686-linux-gnu --host=i686-linux-gnu --target=i686-linux-gnu
Thread model: posix
gcc version 5.4.0 20160609 (Ubuntu 5.4.0-6ubuntu1~16.04.1) 
configure:3811: $? = 0
configure:3800: gcc -V >&5
gcc: error: unrecognized command line option '-V'
gcc: fatal error: no input files
compilation terminated.
configure:3811: $? = 1
configure:3800: gcc -qversion >&5
gcc: error: unrecognized command line option '-qversion'
gcc: fatal error: no input files
compilation terminated.
configure:3811: $? = 1
configure:3831: checking whether the C compiler works
configure:3853: gcc    conftest.c  >&5
configure:3857: $? = 0
configure:3905: result: yes
configure:3908: checking for C compiler default output file name
configure:3910: result: a.out
configure:3916: checking for suffix of executables
configure:3923: gcc -o conftest    conftest.c  >&5
configure:3927: $? = 0
configure:3949: result: 
configure:3971: checking whether we are cross compiling
configure:3979: gcc -o conftest    conftest.c  >&5
configure:3983: $? = 0
configure:3990: ./conftest
configure:3994: $? = 0
configure:4009: result: no
configure:4014: checking for suffix of object files
configure:4036: gcc -c   conftest.c >&5
configure:4040: $? = 0
configure:4061: result: o
configure:4065: checking whether we are using the GNU C compiler
configure:4084: gcc -c   conftest.c >&5
configure:4084: $? = 0
configure:4093: result: yes
configure:4102: checking whether gcc accepts -g
configure:4122: gcc -c -g  conftest.c >&5
configure:4122: $? = 0
configure:4163: result: yes
configure:4180: checking for gcc option to accept ISO C89
configure:4243: gcc  -c -g -O2  conftest.c >&5
configure:4243: $? = 0
configure:4256: result: none needed
configure:4281: checking whether gcc understands -c and -o together
configure:4303: gcc -c conftest.c -o conftest2.o
configure:4306: $? = 0
configure:4303: gcc -c conftest.c -o conftest2.o
configure:4306: $? = 0
configure:4318: result: yes
configure:4346: checking for style of include used by make
configure:4374: result: GNU
configure:4400: checking dependency style of gcc
configure:4511: result: gcc3
configure:4531: checking how to run the C preprocessor
configure:4562: gcc -E  conftest.c
configure:4562: $? = 0
configure:4576: gcc -E  conftest.c
conftest.c:11:28: fatal error: ac_nonexistent.h: No such file or directory
compilation terminated.
configure:4576: $? = 1
configure: failed program was:
| /* confdefs.h */
| #define PACKAGE_NAME "sumo"
| #define PACKAGE_TARNAME "sumo"
| #define PACKAGE_VERSION "0.27.1"
| #define PACKAGE_STRING "sumo 0.27.1"
| #define PACKAGE_BUGREPORT ""
| #define PACKAGE_URL ""
| #define PACKAGE "sumo"
| #define VERSION "0.27.1"
| /* end confdefs.h.  */
| #include <ac_nonexistent.h>
configure:4601: result: gcc -E
configure:4621: gcc -E  conftest.c
configure:4621: $? = 0
configure:4635: gcc -E  conftest.c
conftest.c:11:28: fatal error: ac_nonexistent.h: No such file or directory
compilation terminated.
configure:4635: $? = 1
configure: failed program was:
| /* confdefs.h */
| #define PACKAGE_NAME "sumo"
| #define PACKAGE_TARNAME "sumo"
| #define PACKAGE_VERSION "0.27.1"
| #define PACKAGE_STRING "sumo 0.27.1"
| #define PACKAGE_BUGREPORT ""
| #define PACKAGE_URL ""
| #define PACKAGE "sumo"
| #define VERSION "0.27.1"
| /* end confdefs.h.  */
| #include <ac_nonexistent.h>
configure:4721: checking for g++
configure:4737: found /usr/bin/g++
configure:4748: result: g++
configure:4775: checking for C++ compiler version
configure:4784: g++ --version >&5
g++ (Ubuntu 5.4.0-6ubuntu1~16.04.1) 5.4.0 20160609
Copyright (C) 2015 Free Software Foundation, Inc.
This is free software; see the source for copying conditions.  There is NO
warranty; not even for MERCHANTABILITY or FITNESS FOR A PARTICULAR PURPOSE.

configure:4795: $? = 0
configure:4784: g++ -v >&5
Using built-in specs.
COLLECT_GCC=g++
COLLECT_LTO_WRAPPER=/usr/lib/gcc/i686-linux-gnu/5/lto-wrapper
Target: i686-linux-gnu
Configured with: ../src/configure -v --with-pkgversion='Ubuntu 5.4.0-6ubuntu1~16.04.1' --with-bugurl=file:///usr/share/doc/gcc-5/README.Bugs --enable-languages=c,ada,c++,java,go,d,fortran,objc,obj-c++ --prefix=/usr --program-suffix=-5 --enable-shared --enable-linker-build-id --libexecdir=/usr/lib --without-included-gettext --enable-threads=posix --libdir=/usr/lib --enable-nls --with-sysroot=/ --enable-clocale=gnu --enable-libstdcxx-debug --enable-libstdcxx-time=yes --with-default-libstdcxx-abi=new --enable-gnu-unique-object --disable-vtable-verify --enable-libmpx --enable-plugin --with-system-zlib --disable-browser-plugin --enable-java-awt=gtk --enable-gtk-cairo --with-java-home=/usr/lib/jvm/java-1.5.0-gcj-5-i386/jre --enable-java-home --with-jvm-root-dir=/usr/lib/jvm/java-1.5.0-gcj-5-i386 --with-jvm-jar-dir=/usr/lib/jvm-exports/java-1.5.0-gcj-5-i386 --with-arch-directory=i386 --with-ecj-jar=/usr/share/java/eclipse-ecj.jar --enable-objc-gc --enable-targets=all --enable-multiarch --disable-werror --with-arch-32=i686 --with-multilib-list=m32,m64,mx32 --enable-multilib --with-tune=generic --enable-checking=release --build=i686-linux-gnu --host=i686-linux-gnu --target=i686-linux-gnu
Thread model: posix
gcc version 5.4.0 20160609 (Ubuntu 5.4.0-6ubuntu1~16.04.1) 
configure:4795: $? = 0
configure:4784: g++ -V >&5
g++: error: unrecognized command line option '-V'
g++: fatal error: no input files
compilation terminated.
configure:4795: $? = 1
configure:4784: g++ -qversion >&5
g++: error: unrecognized command line option '-qversion'
g++: fatal error: no input files
compilation terminated.
configure:4795: $? = 1
configure:4799: checking whether we are using the GNU C++ compiler
configure:4818: g++ -c -O2 -DNDEBUG   conftest.cpp >&5
configure:4818: $? = 0
configure:4827: result: yes
configure:4836: checking whether g++ accepts -g
configure:4856: g++ -c -g  conftest.cpp >&5
configure:4856: $? = 0
configure:4897: result: yes
configure:4922: checking dependency style of g++
configure:5033: result: gcc3
configure:5049: checking whether ln -s works
configure:5053: result: yes
configure:5060: checking whether make sets $(MAKE)
configure:5082: result: yes
configure:5135: checking for ranlib
configure:5151: found /usr/bin/ranlib
configure:5162: result: ranlib
configure:5230: checking how to print strings
configure:5257: result: printf
configure:5278: checking for a sed that does not truncate output
configure:5342: result: /bin/sed
configure:5360: checking for grep that handles long lines and -e
configure:5418: result: /bin/grep
configure:5423: checking for egrep
configure:5485: result: /bin/grep -E
configure:5490: checking for fgrep
configure:5552: result: /bin/grep -F
configure:5587: checking for ld used by gcc
configure:5654: result: /usr/bin/ld
configure:5661: checking if the linker (/usr/bin/ld) is GNU ld
configure:5676: result: yes
configure:5688: checking for BSD- or MS-compatible name lister (nm)
configure:5737: result: /usr/bin/nm -B
configure:5867: checking the name lister (/usr/bin/nm -B) interface
configure:5874: g++ -c -O2 -DNDEBUG   conftest.cpp >&5
configure:5877: /usr/bin/nm -B "conftest.o"
configure:5880: output
00000000 B some_variable
configure:5887: result: BSD nm
configure:5891: checking the maximum length of command line arguments
configure:6022: result: 1572864
configure:6039: checking whether the shell understands some XSI constructs
configure:6049: result: yes
configure:6053: checking whether the shell understands "+="
configure:6059: result: yes
configure:6094: checking how to convert i686-pc-linux-gnu file names to i686-pc-linux-gnu format
configure:6134: result: func_convert_file_noop
configure:6141: checking how to convert i686-pc-linux-gnu file names to toolchain format
configure:6161: result: func_convert_file_noop
configure:6168: checking for /usr/bin/ld option to reload object files
configure:6175: result: -r
configure:6249: checking for objdump
configure:6265: found /usr/bin/objdump
configure:6276: result: objdump
configure:6308: checking how to recognize dependent libraries
configure:6506: result: pass_all
configure:6591: checking for dlltool
configure:6621: result: no
configure:6651: checking how to associate runtime and link libraries
configure:6678: result: printf %s\n
configure:6739: checking for ar
configure:6755: found /usr/bin/ar
configure:6766: result: ar
configure:6803: checking for archiver @FILE support
configure:6820: g++ -c -O2 -DNDEBUG   conftest.cpp >&5
configure:6820: $? = 0
configure:6823: ar cru libconftest.a @conftest.lst >&5
ar: `u' modifier ignored since `D' is the default (see `U')
configure:6826: $? = 0
configure:6831: ar cru libconftest.a @conftest.lst >&5
ar: `u' modifier ignored since `D' is the default (see `U')
ar: conftest.o: No such file or directory
configure:6834: $? = 1
configure:6846: result: @
configure:6904: checking for strip
configure:6920: found /usr/bin/strip
configure:6931: result: strip
configure:7003: checking for ranlib
configure:7030: result: ranlib
configure:7132: checking command to parse /usr/bin/nm -B output from gcc object
configure:7252: g++ -c -O2 -DNDEBUG   conftest.cpp >&5
configure:7255: $? = 0
configure:7259: /usr/bin/nm -B conftest.o \| sed -n -e 's/^.*[ ]\([ABCDGIRSTW][ABCDGIRSTW]*\)[ ][ ]*\([_A-Za-z][_A-Za-z0-9]*\)$/\1 \2 \2/p' | sed '/ __gnu_lto/d' \> conftest.nm
configure:7262: $? = 0
configure:7328: g++ -o conftest -O2 -DNDEBUG    conftest.cpp conftstm.o >&5
configure:7331: $? = 0
configure:7369: result: ok
configure:7406: checking for sysroot
configure:7436: result: no
configure:7706: checking for mt
configure:7722: found /bin/mt
configure:7733: result: mt
configure:7756: checking if mt is a manifest tool
configure:7762: mt '-?'
configure:7770: result: no
configure:8408: checking for ANSI C header files
configure:8428: g++ -c -O2 -DNDEBUG   conftest.cpp >&5
configure:8428: $? = 0
./configure: line 8442: conftest.cpp: command not found
configure:8512: result: no
configure:8525: checking for sys/types.h
configure:8525: g++ -c -O2 -DNDEBUG   conftest.cpp >&5
configure:8525: $? = 0
configure:8525: result: yes
configure:8525: checking for sys/stat.h
configure:8525: g++ -c -O2 -DNDEBUG   conftest.cpp >&5
configure:8525: $? = 0
configure:8525: result: yes
configure:8525: checking for stdlib.h
configure:8525: g++ -c -O2 -DNDEBUG   conftest.cpp >&5
configure:8525: $? = 0
configure:8525: result: yes
configure:8525: checking for string.h
configure:8525: g++ -c -O2 -DNDEBUG   conftest.cpp >&5
configure:8525: $? = 0
configure:8525: result: yes
configure:8525: checking for memory.h
configure:8525: g++ -c -O2 -DNDEBUG   conftest.cpp >&5
configure:8525: $? = 0
configure:8525: result: yes
configure:8525: checking for strings.h
configure:8525: g++ -c -O2 -DNDEBUG   conftest.cpp >&5
configure:8525: $? = 0
configure:8525: result: yes
configure:8525: checking for inttypes.h
configure:8525: g++ -c -O2 -DNDEBUG   conftest.cpp >&5
configure:8525: $? = 0
configure:8525: result: yes
configure:8525: checking for stdint.h
configure:8525: g++ -c -O2 -DNDEBUG   conftest.cpp >&5
configure:8525: $? = 0
configure:8525: result: yes
configure:8525: checking for unistd.h
configure:8525: g++ -c -O2 -DNDEBUG   conftest.cpp >&5
configure:8525: $? = 0
configure:8525: result: yes
configure:8539: checking for dlfcn.h
configure:8539: g++ -c -O2 -DNDEBUG   conftest.cpp >&5
configure:8539: $? = 0
configure:8539: result: yes
configure:8755: checking for objdir
configure:8770: result: .libs
configure:9037: checking if gcc supports -fno-rtti -fno-exceptions
configure:9055: gcc -c -g -O2  -fno-rtti -fno-exceptions conftest.c >&5
cc1: warning: command line option '-fno-rtti' is valid for C++/ObjC++ but not for C
configure:9059: $? = 0
configure:9072: result: no
configure:9399: checking for gcc option to produce PIC
configure:9406: result: -fPIC -DPIC
configure:9414: checking if gcc PIC flag -fPIC -DPIC works
configure:9432: gcc -c -g -O2  -fPIC -DPIC -DPIC conftest.c >&5
configure:9436: $? = 0
configure:9449: result: yes
configure:9478: checking if gcc static flag -static works
configure:9506: result: yes
configure:9521: checking if gcc supports -c -o file.o
configure:9542: gcc -c -g -O2  -o out/conftest2.o conftest.c >&5
configure:9546: $? = 0
configure:9568: result: yes
configure:9576: checking if gcc supports -c -o file.o
configure:9623: result: yes
configure:9656: checking whether the gcc linker (/usr/bin/ld) supports shared libraries
configure:10813: result: yes
configure:10850: checking whether -lc should be explicitly linked in
configure:10858: gcc -c -g -O2  conftest.c >&5
configure:10861: $? = 0
configure:10876: gcc -shared  -fPIC -DPIC conftest.o  -v -Wl,-soname -Wl,conftest -o conftest 2\>\&1 \| /bin/grep  -lc  \>/dev/null 2\>\&1
configure:10879: $? = 0
configure:10893: result: no
configure:11053: checking dynamic linker characteristics
configure:11553: gcc -o conftest -g -O2   -Wl,-rpath -Wl,/foo conftest.c  >&5
configure:11553: $? = 0
configure:11787: result: GNU/Linux ld.so
configure:11894: checking how to hardcode library paths into programs
configure:11919: result: immediate
configure:12459: checking whether stripping libraries is possible
configure:12464: result: yes
configure:12499: checking if libtool supports shared libraries
configure:12501: result: yes
configure:12504: checking whether to build shared libraries
configure:12525: result: yes
configure:12528: checking whether to build static libraries
configure:12532: result: yes
configure:12555: checking how to run the C++ preprocessor
configure:12582: g++ -E  conftest.cpp
configure:12582: $? = 0
configure:12596: g++ -E  conftest.cpp
conftest.cpp:22:28: fatal error: ac_nonexistent.h: No such file or directory
compilation terminated.
configure:12596: $? = 1
configure: failed program was:
| /* confdefs.h */
| #define PACKAGE_NAME "sumo"
| #define PACKAGE_TARNAME "sumo"
| #define PACKAGE_VERSION "0.27.1"
| #define PACKAGE_STRING "sumo 0.27.1"
| #define PACKAGE_BUGREPORT ""
| #define PACKAGE_URL ""
| #define PACKAGE "sumo"
| #define VERSION "0.27.1"
| #define HAVE_SYS_TYPES_H 1
| #define HAVE_SYS_STAT_H 1
| #define HAVE_STDLIB_H 1
| #define HAVE_STRING_H 1
| #define HAVE_MEMORY_H 1
| #define HAVE_STRINGS_H 1
| #define HAVE_INTTYPES_H 1
| #define HAVE_STDINT_H 1
| #define HAVE_UNISTD_H 1
| #define HAVE_DLFCN_H 1
| #define LT_OBJDIR ".libs/"
| /* end confdefs.h.  */
| #include <ac_nonexistent.h>
configure:12621: result: g++ -E
configure:12641: g++ -E  conftest.cpp
configure:12641: $? = 0
configure:12655: g++ -E  conftest.cpp
conftest.cpp:22:28: fatal error: ac_nonexistent.h: No such file or directory
compilation terminated.
configure:12655: $? = 1
configure: failed program was:
| /* confdefs.h */
| #define PACKAGE_NAME "sumo"
| #define PACKAGE_TARNAME "sumo"
| #define PACKAGE_VERSION "0.27.1"
| #define PACKAGE_STRING "sumo 0.27.1"
| #define PACKAGE_BUGREPORT ""
| #define PACKAGE_URL ""
| #define PACKAGE "sumo"
| #define VERSION "0.27.1"
| #define HAVE_SYS_TYPES_H 1
| #define HAVE_SYS_STAT_H 1
| #define HAVE_STDLIB_H 1
| #define HAVE_STRING_H 1
| #define HAVE_MEMORY_H 1
| #define HAVE_STRINGS_H 1
| #define HAVE_INTTYPES_H 1
| #define HAVE_STDINT_H 1
| #define HAVE_UNISTD_H 1
| #define HAVE_DLFCN_H 1
| #define LT_OBJDIR ".libs/"
| /* end confdefs.h.  */
| #include <ac_nonexistent.h>
configure:12824: checking for ld used by g++
configure:12891: result: /usr/bin/ld
configure:12898: checking if the linker (/usr/bin/ld) is GNU ld
configure:12913: result: yes
configure:12968: checking whether the g++ linker (/usr/bin/ld) supports shared libraries
configure:13970: result: yes
configure:14006: g++ -c -O2 -DNDEBUG   conftest.cpp >&5
configure:14009: $? = 0
configure:14529: checking for g++ option to produce PIC
configure:14536: result: -fPIC -DPIC
configure:14544: checking if g++ PIC flag -fPIC -DPIC works
configure:14562: g++ -c -O2 -DNDEBUG   -fPIC -DPIC -DPIC conftest.cpp >&5
configure:14566: $? = 0
configure:14579: result: yes
configure:14602: checking if g++ static flag -static works
configure:14630: result: yes
configure:14642: checking if g++ supports -c -o file.o
configure:14663: g++ -c -O2 -DNDEBUG   -o out/conftest2.o conftest.cpp >&5
configure:14667: $? = 0
configure:14689: result: yes
configure:14694: checking if g++ supports -c -o file.o
configure:14741: result: yes
configure:14771: checking whether the g++ linker (/usr/bin/ld) supports shared libraries
configure:14810: result: yes
configure:14951: checking dynamic linker characteristics
configure:15619: result: GNU/Linux ld.so
configure:15672: checking how to hardcode library paths into programs
configure:15697: result: immediate
configure:15959: checking for pkg-config
configure:15977: found /usr/bin/pkg-config
configure:15989: result: /usr/bin/pkg-config
configure:16014: checking pkg-config is at least version 0.9.0
configure:16017: result: yes
configure:16027: checking for XERCES
configure:16034: $PKG_CONFIG --exists --print-errors "xerces-c >= 3.0"
configure:16037: $? = 0
configure:16051: $PKG_CONFIG --exists --print-errors "xerces-c >= 3.0"
configure:16054: $? = 0
configure:16096: result: yes
configure:16127: checking for main in -lxerces-c
configure:16146: g++ -o conftest -msse2 -mfpmath=sse -O2 -DNDEBUG    conftest.cpp -lxerces-c   >&5
configure:16146: $? = 0
configure:16156: result: yes
configure:16222: checking xercesc/util/XercesVersion.hpp usability
configure:16222: g++ -c -msse2 -mfpmath=sse -O2 -DNDEBUG   -I/usr/local/include -I/usr/include conftest.cpp >&5
configure:16222: $? = 0
configure:16222: result: yes
configure:16222: checking xercesc/util/XercesVersion.hpp presence
configure:16222: g++ -E  -I/usr/local/include -I/usr/include conftest.cpp
configure:16222: $? = 0
configure:16222: result: yes
configure:16222: checking for xercesc/util/XercesVersion.hpp
configure:16222: result: yes
configure:16314: checking for main in -lproj
configure:16333: g++ -o conftest -msse2 -mfpmath=sse -O2 -DNDEBUG   -L/usr/lib conftest.cpp -lproj   >&5
configure:16333: $? = 0
configure:16342: result: yes
configure:16374: checking proj_api.h usability
configure:16374: g++ -c -msse2 -mfpmath=sse -O2 -DNDEBUG  -Iyes/include conftest.cpp >&5
configure:16374: $? = 0
configure:16374: result: yes
configure:16374: checking proj_api.h presence
configure:16374: g++ -E -Iyes/include conftest.cpp
configure:16374: $? = 0
configure:16374: result: yes
configure:16374: checking for proj_api.h
configure:16374: result: yes
configure:16407: checking for gdal-config
configure:16425: found /usr/bin/gdal-config
configure:16437: result: /usr/bin/gdal-config
configure:16468: checking ogr_api.h usability
configure:16468: g++ -c -msse2 -mfpmath=sse -O2 -DNDEBUG  -I/usr/include/gdal conftest.cpp >&5
In file included from /usr/include/gdal/cpl_port.h:81:0,
                 from /usr/include/gdal/cpl_progress.h:33,
                 from /usr/include/gdal/ogr_api.h:43,
                 from conftest.cpp:64:
/usr/include/gdal/cpl_config.h:203:0: warning: "PACKAGE_NAME" redefined
 #define PACKAGE_NAME ""
 ^
conftest.cpp:2:0: note: this is the location of the previous definition
 #define PACKAGE_NAME "sumo"
 ^
In file included from /usr/include/gdal/cpl_port.h:81:0,
                 from /usr/include/gdal/cpl_progress.h:33,
                 from /usr/include/gdal/ogr_api.h:43,
                 from conftest.cpp:64:
/usr/include/gdal/cpl_config.h:206:0: warning: "PACKAGE_STRING" redefined
 #define PACKAGE_STRING ""
 ^
conftest.cpp:5:0: note: this is the location of the previous definition
 #define PACKAGE_STRING "sumo 0.27.1"
 ^
In file included from /usr/include/gdal/cpl_port.h:81:0,
                 from /usr/include/gdal/cpl_progress.h:33,
                 from /usr/include/gdal/ogr_api.h:43,
                 from conftest.cpp:64:
/usr/include/gdal/cpl_config.h:209:0: warning: "PACKAGE_TARNAME" redefined
 #define PACKAGE_TARNAME ""
 ^
conftest.cpp:3:0: note: this is the location of the previous definition
 #define PACKAGE_TARNAME "sumo"
 ^
In file included from /usr/include/gdal/cpl_port.h:81:0,
                 from /usr/include/gdal/cpl_progress.h:33,
                 from /usr/include/gdal/ogr_api.h:43,
                 from conftest.cpp:64:
/usr/include/gdal/cpl_config.h:215:0: warning: "PACKAGE_VERSION" redefined
 #define PACKAGE_VERSION ""
 ^
conftest.cpp:4:0: note: this is the location of the previous definition
 #define PACKAGE_VERSION "0.27.1"
 ^
configure:16468: $? = 0
configure:16468: result: yes
configure:16468: checking ogr_api.h presence
configure:16468: g++ -E -I/usr/include/gdal conftest.cpp
In file included from /usr/include/gdal/cpl_port.h:81:0,
                 from /usr/include/gdal/cpl_progress.h:33,
                 from /usr/include/gdal/ogr_api.h:43,
                 from conftest.cpp:31:
/usr/include/gdal/cpl_config.h:203:0: warning: "PACKAGE_NAME" redefined
 #define PACKAGE_NAME ""
 ^
conftest.cpp:2:0: note: this is the location of the previous definition
 #define PACKAGE_NAME "sumo"
 ^
In file included from /usr/include/gdal/cpl_port.h:81:0,
                 from /usr/include/gdal/cpl_progress.h:33,
                 from /usr/include/gdal/ogr_api.h:43,
                 from conftest.cpp:31:
/usr/include/gdal/cpl_config.h:206:0: warning: "PACKAGE_STRING" redefined
 #define PACKAGE_STRING ""
 ^
conftest.cpp:5:0: note: this is the location of the previous definition
 #define PACKAGE_STRING "sumo 0.27.1"
 ^
In file included from /usr/include/gdal/cpl_port.h:81:0,
                 from /usr/include/gdal/cpl_progress.h:33,
                 from /usr/include/gdal/ogr_api.h:43,
                 from conftest.cpp:31:
/usr/include/gdal/cpl_config.h:209:0: warning: "PACKAGE_TARNAME" redefined
 #define PACKAGE_TARNAME ""
 ^
conftest.cpp:3:0: note: this is the location of the previous definition
 #define PACKAGE_TARNAME "sumo"
 ^
In file included from /usr/include/gdal/cpl_port.h:81:0,
                 from /usr/include/gdal/cpl_progress.h:33,
                 from /usr/include/gdal/ogr_api.h:43,
                 from conftest.cpp:31:
/usr/include/gdal/cpl_config.h:215:0: warning: "PACKAGE_VERSION" redefined
 #define PACKAGE_VERSION ""
 ^
conftest.cpp:4:0: note: this is the location of the previous definition
 #define PACKAGE_VERSION "0.27.1"
 ^
configure:16468: $? = 0
configure:16468: result: yes
configure:16468: checking for ogr_api.h
configure:16468: result: yes
configure:16499: checking for fox-config
configure:16517: found /usr/bin/fox-config
configure:16529: result: /usr/bin/fox-config
configure:16560: checking fxver.h usability
configure:16560: g++ -c -msse2 -mfpmath=sse -O2 -DNDEBUG  -I/usr/include/fox-1.6 conftest.cpp >&5
configure:16560: $? = 0
configure:16560: result: yes
configure:16560: checking fxver.h presence
configure:16560: g++ -E -I/usr/include/fox-1.6 conftest.cpp
configure:16560: $? = 0
configure:16560: result: yes
configure:16560: checking for fxver.h
configure:16560: result: yes
configure:16599: checking for gtest-config
configure:16632: result: no
configure:16749: checking libavformat/version.h usability
configure:16749: g++ -c -msse2 -mfpmath=sse -O2 -DNDEBUG   -I/usr/include/ffmpeg -I/usr/local/include conftest.cpp >&5
conftest.cpp:66:33: fatal error: libavformat/version.h: No such file or directory
compilation terminated.
configure:16749: $? = 1
configure: failed program was:
| /* confdefs.h */
| #define PACKAGE_NAME "sumo"
| #define PACKAGE_TARNAME "sumo"
| #define PACKAGE_VERSION "0.27.1"
| #define PACKAGE_STRING "sumo 0.27.1"
| #define PACKAGE_BUGREPORT ""
| #define PACKAGE_URL ""
| #define PACKAGE "sumo"
| #define VERSION "0.27.1"
| #define HAVE_SYS_TYPES_H 1
| #define HAVE_SYS_STAT_H 1
| #define HAVE_STDLIB_H 1
| #define HAVE_STRING_H 1
| #define HAVE_MEMORY_H 1
| #define HAVE_STRINGS_H 1
| #define HAVE_INTTYPES_H 1
| #define HAVE_STDINT_H 1
| #define HAVE_UNISTD_H 1
| #define HAVE_DLFCN_H 1
| #define LT_OBJDIR ".libs/"
| #define HAVE_INTERNAL_LANES 1
| #define SUMOReal double
| #define POSITION_EPS (SUMOReal)0.1
| #define NUMERICAL_EPS (SUMOReal)0.001
| #define OUTPUT_ACCURACY 2
| #define GEO_OUTPUT_ACCURACY 6
| #define VERSION_STRING "0.27.1"
| #define XERCES3_SIZE_t XMLSize_t
| #define HAVE_PROJ 1
| #define HAVE_GDAL 1
| #define HAVE_FOX 1
| /* end confdefs.h.  */
| #include <stdio.h>
| #ifdef HAVE_SYS_TYPES_H
| # include <sys/types.h>
| #endif
| #ifdef HAVE_SYS_STAT_H
| # include <sys/stat.h>
| #endif
| #ifdef STDC_HEADERS
| # include <stdlib.h>
| # include <stddef.h>
| #else
| # ifdef HAVE_STDLIB_H
| #  include <stdlib.h>
| # endif
| #endif
| #ifdef HAVE_STRING_H
| # if !defined STDC_HEADERS && defined HAVE_MEMORY_H
| #  include <memory.h>
| # endif
| # include <string.h>
| #endif
| #ifdef HAVE_STRINGS_H
| # include <strings.h>
| #endif
| #ifdef HAVE_INTTYPES_H
| # include <inttypes.h>
| #endif
| #ifdef HAVE_STDINT_H
| # include <stdint.h>
| #endif
| #ifdef HAVE_UNISTD_H
| # include <unistd.h>
| #endif
| #include <libavformat/version.h>
configure:16749: result: no
configure:16749: checking libavformat/version.h presence
configure:16749: g++ -E  -I/usr/include/ffmpeg -I/usr/local/include conftest.cpp
conftest.cpp:33:33: fatal error: libavformat/version.h: No such file or directory
compilation terminated.
configure:16749: $? = 1
configure: failed program was:
| /* confdefs.h */
| #define PACKAGE_NAME "sumo"
| #define PACKAGE_TARNAME "sumo"
| #define PACKAGE_VERSION "0.27.1"
| #define PACKAGE_STRING "sumo 0.27.1"
| #define PACKAGE_BUGREPORT ""
| #define PACKAGE_URL ""
| #define PACKAGE "sumo"
| #define VERSION "0.27.1"
| #define HAVE_SYS_TYPES_H 1
| #define HAVE_SYS_STAT_H 1
| #define HAVE_STDLIB_H 1
| #define HAVE_STRING_H 1
| #define HAVE_MEMORY_H 1
| #define HAVE_STRINGS_H 1
| #define HAVE_INTTYPES_H 1
| #define HAVE_STDINT_H 1
| #define HAVE_UNISTD_H 1
| #define HAVE_DLFCN_H 1
| #define LT_OBJDIR ".libs/"
| #define HAVE_INTERNAL_LANES 1
| #define SUMOReal double
| #define POSITION_EPS (SUMOReal)0.1
| #define NUMERICAL_EPS (SUMOReal)0.001
| #define OUTPUT_ACCURACY 2
| #define GEO_OUTPUT_ACCURACY 6
| #define VERSION_STRING "0.27.1"
| #define XERCES3_SIZE_t XMLSize_t
| #define HAVE_PROJ 1
| #define HAVE_GDAL 1
| #define HAVE_FOX 1
| /* end confdefs.h.  */
| #include <libavformat/version.h>
configure:16749: result: no
configure:16749: checking for libavformat/version.h
configure:16749: result: no
configure:16783: checking for size_t
configure:16783: g++ -c -msse2 -mfpmath=sse -O2 -DNDEBUG   conftest.cpp >&5
configure:16783: $? = 0
configure:16783: g++ -c -msse2 -mfpmath=sse -O2 -DNDEBUG   conftest.cpp >&5
conftest.cpp: In function 'int main()':
conftest.cpp:70:20: error: expected primary-expression before ')' token
 if (sizeof ((size_t)))
                    ^
configure:16783: $? = 1
configure: failed program was:
| /* confdefs.h */
| #define PACKAGE_NAME "sumo"
| #define PACKAGE_TARNAME "sumo"
| #define PACKAGE_VERSION "0.27.1"
| #define PACKAGE_STRING "sumo 0.27.1"
| #define PACKAGE_BUGREPORT ""
| #define PACKAGE_URL ""
| #define PACKAGE "sumo"
| #define VERSION "0.27.1"
| #define HAVE_SYS_TYPES_H 1
| #define HAVE_SYS_STAT_H 1
| #define HAVE_STDLIB_H 1
| #define HAVE_STRING_H 1
| #define HAVE_MEMORY_H 1
| #define HAVE_STRINGS_H 1
| #define HAVE_INTTYPES_H 1
| #define HAVE_STDINT_H 1
| #define HAVE_UNISTD_H 1
| #define HAVE_DLFCN_H 1
| #define LT_OBJDIR ".libs/"
| #define HAVE_INTERNAL_LANES 1
| #define SUMOReal double
| #define POSITION_EPS (SUMOReal)0.1
| #define NUMERICAL_EPS (SUMOReal)0.001
| #define OUTPUT_ACCURACY 2
| #define GEO_OUTPUT_ACCURACY 6
| #define VERSION_STRING "0.27.1"
| #define XERCES3_SIZE_t XMLSize_t
| #define HAVE_PROJ 1
| #define HAVE_GDAL 1
| #define HAVE_FOX 1
| #define HAVE_ENABLED "i686-pc-linux-gnu InternalLanes DoublePrecision TRACI PROJ GDAL GUI"
| /* end confdefs.h.  */
| #include <stdio.h>
| #ifdef HAVE_SYS_TYPES_H
| # include <sys/types.h>
| #endif
| #ifdef HAVE_SYS_STAT_H
| # include <sys/stat.h>
| #endif
| #ifdef STDC_HEADERS
| # include <stdlib.h>
| # include <stddef.h>
| #else
| # ifdef HAVE_STDLIB_H
| #  include <stdlib.h>
| # endif
| #endif
| #ifdef HAVE_STRING_H
| # if !defined STDC_HEADERS && defined HAVE_MEMORY_H
| #  include <memory.h>
| # endif
| # include <string.h>
| #endif
| #ifdef HAVE_STRINGS_H
| # include <strings.h>
| #endif
| #ifdef HAVE_INTTYPES_H
| # include <inttypes.h>
| #endif
| #ifdef HAVE_STDINT_H
| # include <stdint.h>
| #endif
| #ifdef HAVE_UNISTD_H
| # include <unistd.h>
| #endif
| int
| main ()
| {
| if (sizeof ((size_t)))
| 	    return 0;
|   ;
|   return 0;
| }
configure:16783: result: yes
configure:16796: checking for working alloca.h
configure:16813: g++ -o conftest -msse2 -mfpmath=sse -O2 -DNDEBUG    conftest.cpp  >&5
configure:16813: $? = 0
configure:16821: result: yes
configure:16829: checking for alloca
configure:16866: g++ -o conftest -msse2 -mfpmath=sse -O2 -DNDEBUG    conftest.cpp  >&5
configure:16866: $? = 0
configure:16874: result: yes
configure:16980: checking for ANSI C header files
configure:17084: result: no
configure:17095: checking float.h usability
configure:17095: g++ -c -msse2 -mfpmath=sse -O2 -DNDEBUG   conftest.cpp >&5
configure:17095: $? = 0
configure:17095: result: yes
configure:17095: checking float.h presence
configure:17095: g++ -E  conftest.cpp
configure:17095: $? = 0
configure:17095: result: yes
configure:17095: checking for float.h
configure:17095: result: yes
configure:17095: checking limits.h usability
configure:17095: g++ -c -msse2 -mfpmath=sse -O2 -DNDEBUG   conftest.cpp >&5
configure:17095: $? = 0
configure:17095: result: yes
configure:17095: checking limits.h presence
configure:17095: g++ -E  conftest.cpp
configure:17095: $? = 0
configure:17095: result: yes
configure:17095: checking for limits.h
configure:17095: result: yes
configure:17095: checking malloc.h usability
configure:17095: g++ -c -msse2 -mfpmath=sse -O2 -DNDEBUG   conftest.cpp >&5
configure:17095: $? = 0
configure:17095: result: yes
configure:17095: checking malloc.h presence
configure:17095: g++ -E  conftest.cpp
configure:17095: $? = 0
configure:17095: result: yes
configure:17095: checking for malloc.h
configure:17095: result: yes
configure:17095: checking math.h usability
configure:17095: g++ -c -msse2 -mfpmath=sse -O2 -DNDEBUG   conftest.cpp >&5
configure:17095: $? = 0
configure:17095: result: yes
configure:17095: checking math.h presence
configure:17095: g++ -E  conftest.cpp
configure:17095: $? = 0
configure:17095: result: yes
configure:17095: checking for math.h
configure:17095: result: yes
configure:17095: checking stddef.h usability
configure:17095: g++ -c -msse2 -mfpmath=sse -O2 -DNDEBUG   conftest.cpp >&5
configure:17095: $? = 0
configure:17095: result: yes
configure:17095: checking stddef.h presence
configure:17095: g++ -E  conftest.cpp
configure:17095: $? = 0
configure:17095: result: yes
configure:17095: checking for stddef.h
configure:17095: result: yes
configure:17095: checking for stdlib.h
configure:17095: result: yes
configure:17095: checking for string.h
configure:17095: result: yes
configure:17095: checking sys/time.h usability
configure:17095: g++ -c -msse2 -mfpmath=sse -O2 -DNDEBUG   conftest.cpp >&5
configure:17095: $? = 0
configure:17095: result: yes
configure:17095: checking sys/time.h presence
configure:17095: g++ -E  conftest.cpp
configure:17095: $? = 0
configure:17095: result: yes
configure:17095: checking for sys/time.h
configure:17095: result: yes
configure:17095: checking for unistd.h
configure:17095: result: yes
configure:17095: checking wchar.h usability
configure:17095: g++ -c -msse2 -mfpmath=sse -O2 -DNDEBUG   conftest.cpp >&5
configure:17095: $? = 0
configure:17095: result: yes
configure:17095: checking wchar.h presence
configure:17095: g++ -E  conftest.cpp
configure:17095: $? = 0
configure:17095: result: yes
configure:17095: checking for wchar.h
configure:17095: result: yes
configure:17106: checking for stdbool.h that conforms to C99
configure:17173: g++ -c -msse2 -mfpmath=sse -O2 -DNDEBUG   conftest.cpp >&5
configure:17173: $? = 0
configure:17180: result: yes
configure:17182: checking for _Bool
configure:17182: g++ -c -msse2 -mfpmath=sse -O2 -DNDEBUG   conftest.cpp >&5
conftest.cpp: In function 'int main()':
conftest.cpp:82:13: error: '_Bool' was not declared in this scope
 if (sizeof (_Bool))
             ^
configure:17182: $? = 1
configure: failed program was:
| /* confdefs.h */
| #define PACKAGE_NAME "sumo"
| #define PACKAGE_TARNAME "sumo"
| #define PACKAGE_VERSION "0.27.1"
| #define PACKAGE_STRING "sumo 0.27.1"
| #define PACKAGE_BUGREPORT ""
| #define PACKAGE_URL ""
| #define PACKAGE "sumo"
| #define VERSION "0.27.1"
| #define HAVE_SYS_TYPES_H 1
| #define HAVE_SYS_STAT_H 1
| #define HAVE_STDLIB_H 1
| #define HAVE_STRING_H 1
| #define HAVE_MEMORY_H 1
| #define HAVE_STRINGS_H 1
| #define HAVE_INTTYPES_H 1
| #define HAVE_STDINT_H 1
| #define HAVE_UNISTD_H 1
| #define HAVE_DLFCN_H 1
| #define LT_OBJDIR ".libs/"
| #define HAVE_INTERNAL_LANES 1
| #define SUMOReal double
| #define POSITION_EPS (SUMOReal)0.1
| #define NUMERICAL_EPS (SUMOReal)0.001
| #define OUTPUT_ACCURACY 2
| #define GEO_OUTPUT_ACCURACY 6
| #define VERSION_STRING "0.27.1"
| #define XERCES3_SIZE_t XMLSize_t
| #define HAVE_PROJ 1
| #define HAVE_GDAL 1
| #define HAVE_FOX 1
| #define HAVE_ENABLED "i686-pc-linux-gnu InternalLanes DoublePrecision TRACI PROJ GDAL GUI"
| #define HAVE_ALLOCA_H 1
| #define HAVE_ALLOCA 1
| #define HAVE_FLOAT_H 1
| #define HAVE_LIMITS_H 1
| #define HAVE_MALLOC_H 1
| #define HAVE_MATH_H 1
| #define HAVE_STDDEF_H 1
| #define HAVE_STDLIB_H 1
| #define HAVE_STRING_H 1
| #define HAVE_SYS_TIME_H 1
| #define HAVE_UNISTD_H 1
| #define HAVE_WCHAR_H 1
| /* end confdefs.h.  */
| #include <stdio.h>
| #ifdef HAVE_SYS_TYPES_H
| # include <sys/types.h>
| #endif
| #ifdef HAVE_SYS_STAT_H
| # include <sys/stat.h>
| #endif
| #ifdef STDC_HEADERS
| # include <stdlib.h>
| # include <stddef.h>
| #else
| # ifdef HAVE_STDLIB_H
| #  include <stdlib.h>
| # endif
| #endif
| #ifdef HAVE_STRING_H
| # if !defined STDC_HEADERS && defined HAVE_MEMORY_H
| #  include <memory.h>
| # endif
| # include <string.h>
| #endif
| #ifdef HAVE_STRINGS_H
| # include <strings.h>
| #endif
| #ifdef HAVE_INTTYPES_H
| # include <inttypes.h>
| #endif
| #ifdef HAVE_STDINT_H
| # include <stdint.h>
| #endif
| #ifdef HAVE_UNISTD_H
| # include <unistd.h>
| #endif
| int
| main ()
| {
| if (sizeof (_Bool))
| 	 return 0;
|   ;
|   return 0;
| }
configure:17182: result: no
configure:17199: checking for an ANSI C-conforming const
configure:17265: g++ -c -msse2 -mfpmath=sse -O2 -DNDEBUG   conftest.cpp >&5
configure:17265: $? = 0
configure:17272: result: yes
configure:17280: checking for inline
configure:17296: g++ -c -msse2 -mfpmath=sse -O2 -DNDEBUG   conftest.cpp >&5
configure:17296: $? = 0
configure:17304: result: inline
configure:17322: checking for size_t
configure:17322: result: yes
configure:17333: checking whether time.h and sys/time.h may both be included
configure:17353: g++ -c -msse2 -mfpmath=sse -O2 -DNDEBUG   conftest.cpp >&5
configure:17353: $? = 0
configure:17360: result: yes
configure:17368: checking whether struct tm is in sys/time.h or time.h
configure:17388: g++ -c -msse2 -mfpmath=sse -O2 -DNDEBUG   conftest.cpp >&5
configure:17388: $? = 0
configure:17395: result: time.h
configure:17403: checking for working volatile
configure:17422: g++ -c -msse2 -mfpmath=sse -O2 -DNDEBUG   conftest.cpp >&5
configure:17422: $? = 0
configure:17429: result: yes
configure:17438: checking for error_at_line
configure:17454: g++ -o conftest -msse2 -mfpmath=sse -O2 -DNDEBUG    conftest.cpp  >&5
configure:17454: $? = 0
configure:17462: result: yes
configure:17476: checking sys/select.h usability
configure:17476: g++ -c -msse2 -mfpmath=sse -O2 -DNDEBUG   conftest.cpp >&5
configure:17476: $? = 0
configure:17476: result: yes
configure:17476: checking sys/select.h presence
configure:17476: g++ -E  conftest.cpp
configure:17476: $? = 0
configure:17476: result: yes
configure:17476: checking for sys/select.h
configure:17476: result: yes
configure:17476: checking sys/socket.h usability
configure:17476: g++ -c -msse2 -mfpmath=sse -O2 -DNDEBUG   conftest.cpp >&5
configure:17476: $? = 0
configure:17476: result: yes
configure:17476: checking sys/socket.h presence
configure:17476: g++ -E  conftest.cpp
configure:17476: $? = 0
configure:17476: result: yes
configure:17476: checking for sys/socket.h
configure:17476: result: yes
configure:17486: checking types of arguments for select
configure:17514: g++ -c -msse2 -mfpmath=sse -O2 -DNDEBUG   conftest.cpp >&5
configure:17514: $? = 0
configure:17525: result: int,fd_set *,struct timeval *
configure:17548: checking return type of signal handlers
configure:17566: g++ -c -msse2 -mfpmath=sse -O2 -DNDEBUG   conftest.cpp >&5
conftest.cpp: In function 'int main()':
conftest.cpp:59:25: error: void value not ignored as it ought to be
 return *(signal (0, 0)) (0) == 1;
                         ^
configure:17566: $? = 1
configure: failed program was:
| /* confdefs.h */
| #define PACKAGE_NAME "sumo"
| #define PACKAGE_TARNAME "sumo"
| #define PACKAGE_VERSION "0.27.1"
| #define PACKAGE_STRING "sumo 0.27.1"
| #define PACKAGE_BUGREPORT ""
| #define PACKAGE_URL ""
| #define PACKAGE "sumo"
| #define VERSION "0.27.1"
| #define HAVE_SYS_TYPES_H 1
| #define HAVE_SYS_STAT_H 1
| #define HAVE_STDLIB_H 1
| #define HAVE_STRING_H 1
| #define HAVE_MEMORY_H 1
| #define HAVE_STRINGS_H 1
| #define HAVE_INTTYPES_H 1
| #define HAVE_STDINT_H 1
| #define HAVE_UNISTD_H 1
| #define HAVE_DLFCN_H 1
| #define LT_OBJDIR ".libs/"
| #define HAVE_INTERNAL_LANES 1
| #define SUMOReal double
| #define POSITION_EPS (SUMOReal)0.1
| #define NUMERICAL_EPS (SUMOReal)0.001
| #define OUTPUT_ACCURACY 2
| #define GEO_OUTPUT_ACCURACY 6
| #define VERSION_STRING "0.27.1"
| #define XERCES3_SIZE_t XMLSize_t
| #define HAVE_PROJ 1
| #define HAVE_GDAL 1
| #define HAVE_FOX 1
| #define HAVE_ENABLED "i686-pc-linux-gnu InternalLanes DoublePrecision TRACI PROJ GDAL GUI"
| #define HAVE_ALLOCA_H 1
| #define HAVE_ALLOCA 1
| #define HAVE_FLOAT_H 1
| #define HAVE_LIMITS_H 1
| #define HAVE_MALLOC_H 1
| #define HAVE_MATH_H 1
| #define HAVE_STDDEF_H 1
| #define HAVE_STDLIB_H 1
| #define HAVE_STRING_H 1
| #define HAVE_SYS_TIME_H 1
| #define HAVE_UNISTD_H 1
| #define HAVE_WCHAR_H 1
| #define HAVE_STDBOOL_H 1
| #define TIME_WITH_SYS_TIME 1
| #define HAVE_SYS_SELECT_H 1
| #define HAVE_SYS_SOCKET_H 1
| #define SELECT_TYPE_ARG1 int
| #define SELECT_TYPE_ARG234 (fd_set *)
| #define SELECT_TYPE_ARG5 (struct timeval *)
| /* end confdefs.h.  */
| #include <sys/types.h>
| #include <signal.h>
| 
| int
| main ()
| {
| return *(signal (0, 0)) (0) == 1;
|   ;
|   return 0;
| }
configure:17573: result: void
configure:17581: checking whether lstat correctly handles trailing slash
configure:17607: g++ -o conftest -msse2 -mfpmath=sse -O2 -DNDEBUG    conftest.cpp  >&5
configure:17607: $? = 0
configure:17607: ./conftest
configure:17607: $? = 0
configure:17624: result: yes
configure:17643: checking whether stat accepts an empty string
configure:17663: g++ -o conftest -msse2 -mfpmath=sse -O2 -DNDEBUG    conftest.cpp  >&5
configure:17663: $? = 0
configure:17663: ./conftest
configure:17663: $? = 0
configure:17673: result: no
configure:17692: checking for floor
configure:17692: g++ -o conftest -msse2 -mfpmath=sse -O2 -DNDEBUG    conftest.cpp  >&5
configure:17692: $? = 0
configure:17692: result: yes
configure:17692: checking for getcwd
configure:17692: g++ -o conftest -msse2 -mfpmath=sse -O2 -DNDEBUG    conftest.cpp  >&5
configure:17692: $? = 0
configure:17692: result: yes
configure:17692: checking for gettimeofday
configure:17692: g++ -o conftest -msse2 -mfpmath=sse -O2 -DNDEBUG    conftest.cpp  >&5
configure:17692: $? = 0
configure:17692: result: yes
configure:17692: checking for memset
configure:17692: g++ -o conftest -msse2 -mfpmath=sse -O2 -DNDEBUG    conftest.cpp  >&5
configure:17692: $? = 0
configure:17692: result: yes
configure:17692: checking for pow
configure:17692: g++ -o conftest -msse2 -mfpmath=sse -O2 -DNDEBUG    conftest.cpp  >&5
configure:17692: $? = 0
configure:17692: result: yes
configure:17692: checking for select
configure:17692: g++ -o conftest -msse2 -mfpmath=sse -O2 -DNDEBUG    conftest.cpp  >&5
configure:17692: $? = 0
configure:17692: result: yes
configure:17692: checking for socket
configure:17692: g++ -o conftest -msse2 -mfpmath=sse -O2 -DNDEBUG    conftest.cpp  >&5
configure:17692: $? = 0
configure:17692: result: yes
configure:17692: checking for sqrt
configure:17692: g++ -o conftest -msse2 -mfpmath=sse -O2 -DNDEBUG    conftest.cpp  >&5
configure:17692: $? = 0
configure:17692: result: yes
configure:17814: checking that generated files are newer than configure
configure:17820: result: done
configure:17867: creating ./config.status

## ---------------------- ##
## Running config.status. ##
## ---------------------- ##

This file was extended by sumo config.status 0.27.1, which was
generated by GNU Autoconf 2.69.  Invocation command line was

  CONFIG_FILES    = 
  CONFIG_HEADERS  = 
  CONFIG_LINKS    = 
  CONFIG_COMMANDS = 
  $ ./config.status 

on gaalvarez-i2t

config.status:1299: creating src/Makefile
config.status:1299: creating src/activitygen/Makefile
config.status:1299: creating src/activitygen/activities/Makefile
config.status:1299: creating src/activitygen/city/Makefile
config.status:1299: creating src/foreign/Makefile
config.status:1299: creating src/foreign/eulerspiral/Makefile
config.status:1299: creating src/foreign/gl2ps/Makefile
config.status:1299: creating src/foreign/mersenne/Makefile
config.status:1299: creating src/foreign/nvwa/Makefile
config.status:1299: creating src/foreign/PHEMlight/Makefile
config.status:1299: creating src/foreign/PHEMlight/cpp/Makefile
config.status:1299: creating src/foreign/polyfonts/Makefile
config.status:1299: creating src/foreign/rtree/Makefile
config.status:1299: creating src/foreign/tcpip/Makefile
config.status:1299: creating src/gui/Makefile
config.status:1299: creating src/gui/dialogs/Makefile
config.status:1299: creating src/guinetload/Makefile
config.status:1299: creating src/guisim/Makefile
config.status:1299: creating src/microsim/Makefile
config.status:1299: creating src/microsim/actions/Makefile
config.status:1299: creating src/microsim/cfmodels/Makefile
config.status:1299: creating src/microsim/devices/Makefile
config.status:1299: creating src/microsim/lcmodels/Makefile
config.status:1299: creating src/microsim/logging/Makefile
config.status:1299: creating src/microsim/output/Makefile
config.status:1299: creating src/microsim/pedestrians/Makefile
config.status:1299: creating src/microsim/traffic_lights/Makefile
config.status:1299: creating src/microsim/trigger/Makefile
config.status:1299: creating src/marouter/Makefile
config.status:1299: creating src/netbuild/Makefile
config.status:1299: creating src/netedit/Makefile
config.status:1299: creating src/mesogui/Makefile
config.status:1299: creating src/mesosim/Makefile
config.status:1299: creating src/osgview/Makefile
config.status:1299: creating src/netgen/Makefile
config.status:1299: creating src/netimport/Makefile
config.status:1299: creating src/netimport/vissim/Makefile
config.status:1299: creating src/netimport/vissim/tempstructs/Makefile
config.status:1299: creating src/netimport/vissim/typeloader/Makefile
config.status:1299: creating src/netload/Makefile
config.status:1299: creating src/netwrite/Makefile
config.status:1299: creating src/od/Makefile
config.status:1299: creating src/polyconvert/Makefile
config.status:1299: creating src/router/Makefile
config.status:1299: creating src/dfrouter/Makefile
config.status:1299: creating src/duarouter/Makefile
config.status:1299: creating src/jtrrouter/Makefile
config.status:1299: creating src/tools/Makefile
config.status:1299: creating src/traci_testclient/Makefile
config.status:1299: creating src/traci-server/Makefile
config.status:1299: creating src/utils/Makefile
config.status:1299: creating src/utils/common/Makefile
config.status:1299: creating src/utils/distribution/Makefile
config.status:1299: creating src/utils/emissions/Makefile
config.status:1299: creating src/utils/foxtools/Makefile
config.status:1299: creating src/utils/geom/Makefile
config.status:1299: creating src/utils/gui/Makefile
config.status:1299: creating src/utils/gui/div/Makefile
config.status:1299: creating src/utils/gui/events/Makefile
config.status:1299: creating src/utils/gui/globjects/Makefile
config.status:1299: creating src/utils/gui/images/Makefile
config.status:1299: creating src/utils/gui/settings/Makefile
config.status:1299: creating src/utils/gui/tracker/Makefile
config.status:1299: creating src/utils/gui/windows/Makefile
config.status:1299: creating src/utils/importio/Makefile
config.status:1299: creating src/utils/iodevices/Makefile
config.status:1299: creating src/utils/options/Makefile
config.status:1299: creating src/utils/shapes/Makefile
config.status:1299: creating src/utils/traci/Makefile
config.status:1299: creating src/utils/vehicle/Makefile
config.status:1299: creating src/utils/xml/Makefile
config.status:1299: creating unittest/Makefile
config.status:1299: creating unittest/src/Makefile
config.status:1299: creating unittest/src/microsim/Makefile
config.status:1299: creating unittest/src/netbuild/Makefile
config.status:1299: creating unittest/src/utils/Makefile
config.status:1299: creating unittest/src/utils/common/Makefile
config.status:1299: creating unittest/src/utils/foxtools/Makefile
config.status:1299: creating unittest/src/utils/geom/Makefile
config.status:1299: creating unittest/src/utils/iodevices/Makefile
config.status:1299: creating bin/Makefile
config.status:1299: creating Makefile
config.status:1299: creating src/config.h
config.status:1480: src/config.h is unchanged
config.status:1528: executing depfiles commands
config.status:1528: executing libtool commands
configure:20433: WARNING: unrecognized options: --with-fox-includes, --with-gdal-includes, --with-gdal-libraries
configure:20439: result: 
configure:20441: result: Optional features summary
configure:20443: result: -------------------------
configure:20445: result: Enabled: InternalLanes DoublePrecision TRACI PROJ GDAL GUI
configure:20447: result: Disabled: Debug Profiling Coverage MemoryChecks UnitTests Python OSG ffmpeg

## ---------------- ##
## Cache variables. ##
## ---------------- ##

ac_cv_build=i686-pc-linux-gnu
ac_cv_c_compiler_gnu=yes
ac_cv_c_const=yes
ac_cv_c_inline=inline
ac_cv_c_volatile=yes
ac_cv_cxx_compiler_gnu=yes
ac_cv_env_CCC_set=
ac_cv_env_CCC_value=
ac_cv_env_CC_set=
ac_cv_env_CC_value=
ac_cv_env_CFLAGS_set=
ac_cv_env_CFLAGS_value=
ac_cv_env_CPPFLAGS_set=
ac_cv_env_CPPFLAGS_value=
ac_cv_env_CPP_set=
ac_cv_env_CPP_value=
ac_cv_env_CXXCPP_set=
ac_cv_env_CXXCPP_value=
ac_cv_env_CXXFLAGS_set=
ac_cv_env_CXXFLAGS_value=
ac_cv_env_CXX_set=
ac_cv_env_CXX_value=
ac_cv_env_LDFLAGS_set=
ac_cv_env_LDFLAGS_value=
ac_cv_env_LIBS_set=
ac_cv_env_LIBS_value=
ac_cv_env_PKG_CONFIG_LIBDIR_set=
ac_cv_env_PKG_CONFIG_LIBDIR_value=
ac_cv_env_PKG_CONFIG_PATH_set=
ac_cv_env_PKG_CONFIG_PATH_value=
ac_cv_env_PKG_CONFIG_set=
ac_cv_env_PKG_CONFIG_value=
ac_cv_env_XERCES_CFLAGS_set=
ac_cv_env_XERCES_CFLAGS_value=
ac_cv_env_XERCES_LIBS_set=
ac_cv_env_XERCES_LIBS_value=
ac_cv_env_build_alias_set=
ac_cv_env_build_alias_value=
ac_cv_env_host_alias_set=
ac_cv_env_host_alias_value=
ac_cv_env_target_alias_set=
ac_cv_env_target_alias_value=
ac_cv_func_alloca_works=yes
ac_cv_func_floor=yes
ac_cv_func_getcwd=yes
ac_cv_func_gettimeofday=yes
ac_cv_func_lstat_dereferences_slashed_symlink=yes
ac_cv_func_memset=yes
ac_cv_func_pow=yes
ac_cv_func_select=yes
ac_cv_func_select_args='int,fd_set *,struct timeval *'
ac_cv_func_socket=yes
ac_cv_func_sqrt=yes
ac_cv_func_stat_empty_string_bug=no
ac_cv_header_dlfcn_h=yes
ac_cv_header_float_h=yes
ac_cv_header_fxver_h=yes
ac_cv_header_inttypes_h=yes
ac_cv_header_libavformat_version_h=no
ac_cv_header_limits_h=yes
ac_cv_header_malloc_h=yes
ac_cv_header_math_h=yes
ac_cv_header_memory_h=yes
ac_cv_header_ogr_api_h=yes
ac_cv_header_proj_api_h=yes
ac_cv_header_stdbool_h=yes
ac_cv_header_stdc=no
ac_cv_header_stddef_h=yes
ac_cv_header_stdint_h=yes
ac_cv_header_stdlib_h=yes
ac_cv_header_string_h=yes
ac_cv_header_strings_h=yes
ac_cv_header_sys_select_h=yes
ac_cv_header_sys_socket_h=yes
ac_cv_header_sys_stat_h=yes
ac_cv_header_sys_time_h=yes
ac_cv_header_sys_types_h=yes
ac_cv_header_time=yes
ac_cv_header_unistd_h=yes
ac_cv_header_wchar_h=yes
ac_cv_header_xercesc_util_XercesVersion_hpp=yes
ac_cv_host=i686-pc-linux-gnu
ac_cv_lib_error_at_line=yes
ac_cv_lib_proj_main=yes
ac_cv_lib_xerces_c___main=yes
ac_cv_objext=o
ac_cv_path_EGREP='/bin/grep -E'
ac_cv_path_FGREP='/bin/grep -F'
ac_cv_path_FOX_CONFIG=/usr/bin/fox-config
ac_cv_path_GDAL_CONFIG=/usr/bin/gdal-config
ac_cv_path_GREP=/bin/grep
ac_cv_path_SED=/bin/sed
ac_cv_path_ac_pt_PKG_CONFIG=/usr/bin/pkg-config
ac_cv_path_install='/usr/bin/install -c'
ac_cv_path_mkdir=/bin/mkdir
ac_cv_prog_AWK=gawk
ac_cv_prog_CPP='gcc -E'
ac_cv_prog_CXXCPP='g++ -E'
ac_cv_prog_ac_ct_AR=ar
ac_cv_prog_ac_ct_CC=gcc
ac_cv_prog_ac_ct_CXX=g++
ac_cv_prog_ac_ct_MANIFEST_TOOL=mt
ac_cv_prog_ac_ct_OBJDUMP=objdump
ac_cv_prog_ac_ct_RANLIB=ranlib
ac_cv_prog_ac_ct_STRIP=strip
ac_cv_prog_cc_c89=
ac_cv_prog_cc_g=yes
ac_cv_prog_cxx_g=yes
ac_cv_prog_make_make_set=yes
ac_cv_struct_tm=time.h
ac_cv_target=i686-pc-linux-gnu
ac_cv_type__Bool=no
ac_cv_type_signal=void
ac_cv_type_size_t=yes
ac_cv_working_alloca_h=yes
am_cv_CC_dependencies_compiler_type=gcc3
am_cv_CXX_dependencies_compiler_type=gcc3
am_cv_make_support_nested_variables=yes
am_cv_prog_cc_c_o=yes
am_cv_prog_tar_ustar=gnutar
lt_cv_ar_at_file=@
lt_cv_archive_cmds_need_lc=no
lt_cv_deplibs_check_method=pass_all
lt_cv_file_magic_cmd='$MAGIC_CMD'
lt_cv_file_magic_test_file=
lt_cv_ld_reload_flag=-r
lt_cv_nm_interface='BSD nm'
lt_cv_objdir=.libs
lt_cv_path_LD=/usr/bin/ld
lt_cv_path_LDCXX=/usr/bin/ld
lt_cv_path_NM='/usr/bin/nm -B'
lt_cv_path_mainfest_tool=no
lt_cv_prog_compiler_c_o=yes
lt_cv_prog_compiler_c_o_CXX=yes
lt_cv_prog_compiler_pic='-fPIC -DPIC'
lt_cv_prog_compiler_pic_CXX='-fPIC -DPIC'
lt_cv_prog_compiler_pic_works=yes
lt_cv_prog_compiler_pic_works_CXX=yes
lt_cv_prog_compiler_rtti_exceptions=no
lt_cv_prog_compiler_static_works=yes
lt_cv_prog_compiler_static_works_CXX=yes
lt_cv_prog_gnu_ld=yes
lt_cv_prog_gnu_ldcxx=yes
lt_cv_sharedlib_from_linklib_cmd='printf %s\n'
lt_cv_shlibpath_overrides_runpath=no
lt_cv_sys_global_symbol_pipe='sed -n -e '\''s/^.*[	 ]\([ABCDGIRSTW][ABCDGIRSTW]*\)[	 ][	 ]*\([_A-Za-z][_A-Za-z0-9]*\)$/\1 \2 \2/p'\'' | sed '\''/ __gnu_lto/d'\'''
lt_cv_sys_global_symbol_to_c_name_address='sed -n -e '\''s/^: \([^ ]*\)[ ]*$/  {\"\1\", (void *) 0},/p'\'' -e '\''s/^[ABCDGIRSTW]* \([^ ]*\) \([^ ]*\)$/  {"\2", (void *) \&\2},/p'\'''
lt_cv_sys_global_symbol_to_c_name_address_lib_prefix='sed -n -e '\''s/^: \([^ ]*\)[ ]*$/  {\"\1\", (void *) 0},/p'\'' -e '\''s/^[ABCDGIRSTW]* \([^ ]*\) \(lib[^ ]*\)$/  {"\2", (void *) \&\2},/p'\'' -e '\''s/^[ABCDGIRSTW]* \([^ ]*\) \([^ ]*\)$/  {"lib\2", (void *) \&\2},/p'\'''
lt_cv_sys_global_symbol_to_cdecl='sed -n -e '\''s/^T .* \(.*\)$/extern int \1();/p'\'' -e '\''s/^[ABCDGIRSTW]* .* \(.*\)$/extern char \1;/p'\'''
lt_cv_sys_max_cmd_len=1572864
lt_cv_to_host_file_cmd=func_convert_file_noop
lt_cv_to_tool_file_cmd=func_convert_file_noop
pkg_cv_XERCES_CFLAGS=
pkg_cv_XERCES_LIBS=-lxerces-c

## ----------------- ##
## Output variables. ##
## ----------------- ##

ACLOCAL='${SHELL} /usr/local/src/sumo-0.27.1/missing aclocal-1.14'
ALLOCA=''
AMDEPBACKSLASH='\'
AMDEP_FALSE='#'
AMDEP_TRUE=''
AMTAR='$${TAR-tar}'
AM_BACKSLASH='\'
AM_CPPFLAGS='-I/usr/local/src/sumo-0.27.1/./src -I/usr/include/fox-1.6 -I/usr/include/gdal -Iyes/include  -I/usr/local/include -I/usr/include '
AM_CXXFLAGS=''
AM_DEFAULT_V='$(AM_DEFAULT_VERBOSITY)'
AM_DEFAULT_VERBOSITY='1'
AM_V='$(V)'
AR='ar'
AUTOCONF='${SHELL} /usr/local/src/sumo-0.27.1/missing autoconf'
AUTOHEADER='${SHELL} /usr/local/src/sumo-0.27.1/missing autoheader'
AUTOMAKE='${SHELL} /usr/local/src/sumo-0.27.1/missing automake-1.14'
AWK='gawk'
CC='gcc'
CCDEPMODE='depmode=gcc3'
CFLAGS='-g -O2'
CHECK_MEMORY_LEAKS_FALSE=''
CHECK_MEMORY_LEAKS_TRUE='#'
CPP='gcc -E'
CPPFLAGS=''
CXX='g++'
CXXCPP='g++ -E'
CXXDEPMODE='depmode=gcc3'
CXXFLAGS='-msse2 -mfpmath=sse -O2 -DNDEBUG '
CYGPATH_W='echo'
DEFS='-DHAVE_CONFIG_H'
DEPDIR='.deps'
DLLTOOL='false'
DSYMUTIL=''
DUMPBIN=''
ECHO_C=''
ECHO_N='-n'
ECHO_T=''
EGREP='/bin/grep -E'
EXEEXT=''
FFMPEG_LIBS=''
FGREP='/bin/grep -F'
FOX_CONFIG='/usr/bin/fox-config'
FOX_LDFLAGS='-L/usr/lib/i386-linux-gnu -lFOX-1.6 -lX11 -lXext -lfreetype -lXft -lXcursor -lXrender -lXfixes -lfreetype -lfontconfig -lfreetype -lGL -lGLU -ldl -lpthread -lrt -ljpeg -lpng -ltiff -lz -lGLU -lGL'
GDAL_CONFIG='/usr/bin/gdal-config'
GDAL_LDFLAGS='-L/usr/lib -lgdal'
GREP='/bin/grep'
GTEST_CONFIG=''
GTEST_LDFLAGS=''
INSTALL_DATA='${INSTALL} -m 644'
INSTALL_PROGRAM='${INSTALL}'
INSTALL_SCRIPT='${INSTALL}'
INSTALL_STRIP_PROGRAM='$(install_sh) -c -s'
LD='/usr/bin/ld'
LDFLAGS=''
LIBOBJS=''
LIBS=''
LIBTOOL='$(SHELL) $(top_builddir)/libtool'
LIB_XERCES='xerces-c'
LIPO=''
LN_S='ln -s'
LTLIBOBJS=''
MAKEINFO='${SHELL} /usr/local/src/sumo-0.27.1/missing makeinfo'
MANIFEST_TOOL=':'
MKDIR_P='/bin/mkdir -p'
NM='/usr/bin/nm -B'
NMEDIT=''
OBJDUMP='objdump'
OBJEXT='o'
OSG_LIBS=''
OTOOL64=''
OTOOL=''
PACKAGE='sumo'
PACKAGE_BUGREPORT=''
PACKAGE_NAME='sumo'
PACKAGE_STRING='sumo 0.27.1'
PACKAGE_TARNAME='sumo'
PACKAGE_URL=''
PACKAGE_VERSION='0.27.1'
PATH_SEPARATOR=':'
PKG_CONFIG='/usr/bin/pkg-config'
PKG_CONFIG_LIBDIR=''
PKG_CONFIG_PATH=''
PROJ_LDFLAGS='-L/usr/lib -lproj'
PYTHON_LIBS=''
RANLIB='ranlib'
SED='/bin/sed'
SET_MAKE=''
SHELL='/bin/bash'
STRIP='strip'
TRACI_FALSE='#'
TRACI_TRUE=''
VERSION='0.27.1'
WITH_GTEST_FALSE=''
WITH_GTEST_TRUE='#'
WITH_GUI_FALSE='#'
WITH_GUI_TRUE=''
WITH_VERSION_H_FALSE=''
WITH_VERSION_H_TRUE='#'
XERCES_CFLAGS=''
XERCES_LDFLAGS=''
XERCES_LIBS='-lxerces-c'
ac_ct_AR='ar'
ac_ct_CC='gcc'
ac_ct_CXX='g++'
ac_ct_DUMPBIN=''
am__EXEEXT_FALSE=''
am__EXEEXT_TRUE='#'
am__fastdepCC_FALSE='#'
am__fastdepCC_TRUE=''
am__fastdepCXX_FALSE='#'
am__fastdepCXX_TRUE=''
am__include='include'
am__isrc=''
am__leading_dot='.'
am__nodep='_no'
am__quote=''
am__tar='tar --format=ustar -chf - "$$tardir"'
am__untar='tar -xf -'
bindir='${exec_prefix}/bin'
build='i686-pc-linux-gnu'
build_alias=''
build_cpu='i686'
build_os='linux-gnu'
build_vendor='pc'
datadir='${datarootdir}'
datarootdir='${prefix}/share'
docdir='${datarootdir}/doc/${PACKAGE_TARNAME}'
dvidir='${docdir}'
exec_prefix='${prefix}'
host='i686-pc-linux-gnu'
host_alias=''
host_cpu='i686'
host_os='linux-gnu'
host_vendor='pc'
htmldir='${docdir}'
includedir='${prefix}/include'
infodir='${datarootdir}/info'
install_sh='${SHELL} /usr/local/src/sumo-0.27.1/install-sh'
libdir='${exec_prefix}/lib'
libexecdir='${exec_prefix}/libexec'
localedir='${datarootdir}/locale'
localstatedir='${prefix}/var'
mandir='${datarootdir}/man'
mkdir_p='$(MKDIR_P)'
oldincludedir='/usr/include'
pdfdir='${docdir}'
prefix='/usr/local'
program_transform_name='s,x,x,'
psdir='${docdir}'
sbindir='${exec_prefix}/sbin'
sharedstatedir='${prefix}/com'
sysconfdir='${prefix}/etc'
target='i686-pc-linux-gnu'
target_alias=''
target_cpu='i686'
target_os='linux-gnu'
target_vendor='pc'

## ----------- ##
## confdefs.h. ##
## ----------- ##

/* confdefs.h */
#define PACKAGE_NAME "sumo"
#define PACKAGE_TARNAME "sumo"
#define PACKAGE_VERSION "0.27.1"
#define PACKAGE_STRING "sumo 0.27.1"
#define PACKAGE_BUGREPORT ""
#define PACKAGE_URL ""
#define PACKAGE "sumo"
#define VERSION "0.27.1"
#define HAVE_SYS_TYPES_H 1
#define HAVE_SYS_STAT_H 1
#define HAVE_STDLIB_H 1
#define HAVE_STRING_H 1
#define HAVE_MEMORY_H 1
#define HAVE_STRINGS_H 1
#define HAVE_INTTYPES_H 1
#define HAVE_STDINT_H 1
#define HAVE_UNISTD_H 1
#define HAVE_DLFCN_H 1
#define LT_OBJDIR ".libs/"
#define HAVE_INTERNAL_LANES 1
#define SUMOReal double
#define POSITION_EPS (SUMOReal)0.1
#define NUMERICAL_EPS (SUMOReal)0.001
#define OUTPUT_ACCURACY 2
#define GEO_OUTPUT_ACCURACY 6
#define VERSION_STRING "0.27.1"
#define XERCES3_SIZE_t XMLSize_t
#define HAVE_PROJ 1
#define HAVE_GDAL 1
#define HAVE_FOX 1
#define HAVE_ENABLED "i686-pc-linux-gnu InternalLanes DoublePrecision TRACI PROJ GDAL GUI"
#define HAVE_ALLOCA_H 1
#define HAVE_ALLOCA 1
#define HAVE_FLOAT_H 1
#define HAVE_LIMITS_H 1
#define HAVE_MALLOC_H 1
#define HAVE_MATH_H 1
#define HAVE_STDDEF_H 1
#define HAVE_STDLIB_H 1
#define HAVE_STRING_H 1
#define HAVE_SYS_TIME_H 1
#define HAVE_UNISTD_H 1
#define HAVE_WCHAR_H 1
#define HAVE_STDBOOL_H 1
#define TIME_WITH_SYS_TIME 1
#define HAVE_SYS_SELECT_H 1
#define HAVE_SYS_SOCKET_H 1
#define SELECT_TYPE_ARG1 int
#define SELECT_TYPE_ARG234 (fd_set *)
#define SELECT_TYPE_ARG5 (struct timeval *)
#define RETSIGTYPE void
#define LSTAT_FOLLOWS_SLASHED_SYMLINK 1
#define HAVE_FLOOR 1
#define HAVE_GETCWD 1
#define HAVE_GETTIMEOFDAY 1
#define HAVE_MEMSET 1
#define HAVE_POW 1
#define HAVE_SELECT 1
#define HAVE_SOCKET 1
#define HAVE_SQRT 1

configure: exit 0
